{"name": "test_valid_credentials[chrome]", "status": "failed", "statusDetails": {"message": "AssertionError: assert 'Register Account' == 'Your Account...Been Created!'\n  - Your Account Has Been Created!\n  + Register Account", "trace": "self = <tests.test_registration.TestRegistration object at 0x0000017060EE85B0>\n\n    def test_valid_credentials(self):\n        registration_page = RegistrationPage(self.driver)\n        login_page = LoginPage(self.driver)\n        registration_page.Enter_new_user_credentials()\n        registration_page.click_checkbox()\n        registration_page.click_continue_button()\n        actual_title = registration_page.get_title()\n>       assert actual_title == \"Your Account Has Been Created!\"\nE       AssertionError: assert 'Register Account' == 'Your Account...Been Created!'\nE         - Your Account Has Been Created!\nE         + Register Account\n\ntests\\test_registration.py:14: AssertionError"}, "attachments": [{"name": "stdout", "source": "56742da0-5f06-416f-bf98-a10705b890f6-attachment.txt", "type": "text/plain"}], "parameters": [{"name": "initialize_driver", "value": "'chrome'"}], "start": 1687538381283, "stop": 1687538384653, "uuid": "f544a8e3-f320-46a2-ac37-c540ec447010", "historyId": "a8d0034df43739c1d2fe703071e440c9", "testCaseId": "ee71b09737f0af72541c90c44672c624", "fullName": "tests.test_registration.TestRegistration#test_valid_credentials", "labels": [{"name": "tag", "value": "@pytest.mark.usefixtures('initialize_driver')"}, {"name": "parentSuite", "value": "tests"}, {"name": "suite", "value": "test_registration"}, {"name": "subSuite", "value": "TestRegistration"}, {"name": "host", "value": "LAPTOP-KQESI3DI"}, {"name": "thread", "value": "22212-MainThread"}, {"name": "framework", "value": "pytest"}, {"name": "language", "value": "cpython3"}, {"name": "package", "value": "tests.test_registration"}]}